<?xml version="1.0" encoding="UTF-8"?>
<!-- Generated by org.testng.reporters.JUnitXMLReporter -->
<testsuite ignored="0" hostname="DESKTOP-3HHJ4BG" failures="0" tests="4" name="Test" time="2.728" errors="0" timestamp="2022-08-31T18:39:42 IDT">
  <testcase classname="Classes.DataProviderTestNG" name="APITesting" time="1.358"/>
  <testcase classname="Classes.DataProviderTestNG" name="APITesting" time="0.376"/>
  <testcase classname="APIMethods.PostRequestMethod" name="postMethod" time="0.408"/>
  <testcase classname="APIMethods.PostRequestMethod" name="postMethod" time="0.559"/>
</testsuite> <!-- Test -->
